## SLURM PROLOG ###############################################################
##    Job ID : 9324697
##  Job Name : install.sh
##  Nodelist : gpu1506
##      CPUs : 2
##  Mem/Node : 16384 MB
## Directory : /gpfs/data/jtompki1/yliang51/PVDM/slurms
##   Job Started : Wed Mar 22 13:58:22 EDT 2023
###############################################################################
module: unloading 'python/3.7.4'
module: loading 'python/3.8.12_gcc8.3'
module: python: "To use: module load gcc/8.3"
module: unloading 'gcc/8.3'
module: loading 'gcc/8.3'
module: gcc: "Note: loading the gcc module overrides the gcc version on the system.  If you want to revert to the version of gcc provided by the OS, unload the gcc module."
module: loading 'cuda/11.1.1'
module: cuda: To use: module load gcc/10.2
module: loading 'cudnn/8.2.0'
module: cudnn: To use: module load cuda/11.1.1 gcc/10.2
module: loading 'anaconda/3-5.2.0'
module: anaconda: "See https://docs.ccv.brown.edu/oscar/software/anaconda for potential issues on VNC and batch jobs"

## Package Plan ##

  environment location: /users/yliang51/data/yliang51/envs/pvdm


The following packages will be REMOVED:

    _libgcc_mutex:    0.1-main                
    ca-certificates:  2023.01.10-h06a4308_0   
    certifi:          2022.12.7-py38h06a4308_0
    ld_impl_linux-64: 2.38-h1181459_1         
    libffi:           3.3-he6710b0_2          
    libgcc-ng:        9.1.0-hdf63c60_0        
    libstdcxx-ng:     9.1.0-hdf63c60_0        
    ncurses:          6.3-h7f8727e_2          
    openssl:          1.1.1t-h7f8727e_0       
    pip:              23.0.1-py38h06a4308_0   
    python:           3.8.13-h12debd9_0       
    readline:         8.1.2-h7f8727e_1        
    setuptools:       65.6.3-py38h06a4308_0   
    sqlite:           3.38.5-hc218d9a_0       
    tk:               8.6.12-h1ccaba5_0       
    wheel:            0.38.4-py38h06a4308_0   
    xz:               5.2.5-h7f8727e_1        
    zlib:             1.2.12-h7f8727e_2       

Proceed ([y]/n)? 

Remove all packages in environment /users/yliang51/data/yliang51/envs/pvdm:

Solving environment: ...working... done

## Package Plan ##

  environment location: /users/yliang51/data/yliang51/envs/pvdm

  added / updated specs: 
    - python=3.7


The following NEW packages will be INSTALLED:

    _libgcc_mutex:    0.1-main                
    ca-certificates:  2023.01.10-h06a4308_0   
    certifi:          2022.12.7-py37h06a4308_0
    ld_impl_linux-64: 2.38-h1181459_1         
    libffi:           3.3-he6710b0_2          
    libgcc-ng:        9.1.0-hdf63c60_0        
    libstdcxx-ng:     9.1.0-hdf63c60_0        
    ncurses:          6.3-h7f8727e_2          
    openssl:          1.1.1t-h7f8727e_0       
    pip:              22.3.1-py37h06a4308_0   
    python:           3.7.13-h12debd9_0       
    readline:         8.1.2-h7f8727e_1        
    setuptools:       65.6.3-py37h06a4308_0   
    sqlite:           3.38.5-hc218d9a_0       
    tk:               8.6.12-h1ccaba5_0       
    wheel:            0.38.4-py37h06a4308_0   
    xz:               5.2.5-h7f8727e_1        
    zlib:             1.2.12-h7f8727e_2       

Preparing transaction: ...working... done
Verifying transaction: ...working... done
Executing transaction: ...working... done


==> WARNING: A newer version of conda exists. <==
  current version: 4.5.4
  latest version: 23.1.0

Please update conda by running

    $ conda update -n base conda


#
# To activate this environment, use
#
#     $ conda activate /users/yliang51/data/yliang51/envs/pvdm
#
# To deactivate an active environment, use
#
#     $ conda deactivate

Solving environment: ...working... done


==> WARNING: A newer version of conda exists. <==
  current version: 4.5.4
  latest version: 23.1.0

Please update conda by running

    $ conda update -n base conda



# All requested packages already installed.

/users/yliang51/data/yliang51/envs/pvdm/bin/pip
Looking in indexes: https://pypi.org/simple, https://download.pytorch.org/whl/cu116
Collecting torch==1.12.1+cu116
  Downloading https://download.pytorch.org/whl/cu116/torch-1.12.1%2Bcu116-cp37-cp37m-linux_x86_64.whl (1904.8 MB)
     ━━━━━━━━━━━━━━━━━━━━━━━━━━━━━━━━━━━━━━━━ 1.9/1.9 GB 6.3 MB/s eta 0:00:00
Collecting torchvision==0.13.1+cu116
  Downloading https://download.pytorch.org/whl/cu116/torchvision-0.13.1%2Bcu116-cp37-cp37m-linux_x86_64.whl (23.5 MB)
     ━━━━━━━━━━━━━━━━━━━━━━━━━━━━━━━━━━━━━━━━ 23.5/23.5 MB 82.5 MB/s eta 0:00:00
Collecting torchaudio==0.12.1
  Downloading https://download.pytorch.org/whl/cu116/torchaudio-0.12.1%2Bcu116-cp37-cp37m-linux_x86_64.whl (3.8 MB)
     ━━━━━━━━━━━━━━━━━━━━━━━━━━━━━━━━━━━━━━━━ 3.8/3.8 MB 16.1 MB/s eta 0:00:00
Requirement already satisfied: typing-extensions in /gpfs/home/yliang51/.local/lib/python3.7/site-packages (from torch==1.12.1+cu116) (4.5.0)
Requirement already satisfied: pillow!=8.3.*,>=5.3.0 in /gpfs/data/jtompki1/yliang51/envs/ProposeReduce/lib/python3.7/site-packages (from torchvision==0.13.1+cu116) (9.0.1)
Requirement already satisfied: requests in /gpfs/home/yliang51/.local/lib/python3.7/site-packages (from torchvision==0.13.1+cu116) (2.28.1)
Requirement already satisfied: numpy in /gpfs/home/yliang51/.local/lib/python3.7/site-packages (from torchvision==0.13.1+cu116) (1.21.6)
Requirement already satisfied: urllib3<1.27,>=1.21.1 in /gpfs/home/yliang51/.local/lib/python3.7/site-packages (from requests->torchvision==0.13.1+cu116) (1.26.12)
Requirement already satisfied: charset-normalizer<3,>=2 in /gpfs/home/yliang51/.local/lib/python3.7/site-packages (from requests->torchvision==0.13.1+cu116) (2.1.1)
Requirement already satisfied: idna<4,>=2.5 in /gpfs/home/yliang51/.local/lib/python3.7/site-packages (from requests->torchvision==0.13.1+cu116) (3.4)
Requirement already satisfied: certifi>=2017.4.17 in /gpfs/home/yliang51/.local/lib/python3.7/site-packages (from requests->torchvision==0.13.1+cu116) (2022.9.24)
Installing collected packages: torch, torchvision, torchaudio
Successfully installed torch-1.12.1+cu116 torchaudio-0.12.1+cu116 torchvision-0.13.1+cu116
True
Collecting natsort
  Downloading natsort-8.3.1-py3-none-any.whl (38 kB)
Collecting tqdm
  Using cached tqdm-4.65.0-py3-none-any.whl (77 kB)
Requirement already satisfied: gdown in /gpfs/home/yliang51/.local/lib/python3.7/site-packages (4.5.1)
Collecting omegaconf
  Using cached omegaconf-2.3.0-py3-none-any.whl (79 kB)
Collecting einops
  Downloading einops-0.6.0-py3-none-any.whl (41 kB)
     ━━━━━━━━━━━━━━━━━━━━━━━━━━━━━━━━━━━━━━━━ 41.6/41.6 kB 9.3 MB/s eta 0:00:00
Collecting lpips
  Using cached lpips-0.1.4-py3-none-any.whl (53 kB)
Collecting pyspng
  Downloading pyspng-0.1.1-cp37-cp37m-manylinux_2_17_x86_64.manylinux2014_x86_64.whl (207 kB)
     ━━━━━━━━━━━━━━━━━━━━━━━━━━━━━━━━━━━━━━ 207.9/207.9 kB 29.5 MB/s eta 0:00:00
Collecting tensorboard
  Downloading tensorboard-2.11.2-py3-none-any.whl (6.0 MB)
     ━━━━━━━━━━━━━━━━━━━━━━━━━━━━━━━━━━━━━━━━ 6.0/6.0 MB 83.3 MB/s eta 0:00:00
Collecting imageio
  Downloading imageio-2.26.1-py3-none-any.whl (3.4 MB)
     ━━━━━━━━━━━━━━━━━━━━━━━━━━━━━━━━━━━━━━━━ 3.4/3.4 MB 59.0 MB/s eta 0:00:00
Collecting av
  Using cached av-10.0.0-cp37-cp37m-manylinux_2_17_x86_64.manylinux2014_x86_64.whl (30.7 MB)
Collecting moviepy
  Downloading moviepy-1.0.3.tar.gz (388 kB)
     ━━━━━━━━━━━━━━━━━━━━━━━━━━━━━━━━━━━━━━ 388.3/388.3 kB 45.0 MB/s eta 0:00:00
  Preparing metadata (setup.py): started
  Preparing metadata (setup.py): finished with status 'done'
Requirement already satisfied: six in /gpfs/home/yliang51/.local/lib/python3.7/site-packages (from gdown) (1.16.0)
Requirement already satisfied: filelock in /gpfs/home/yliang51/.local/lib/python3.7/site-packages (from gdown) (3.8.0)
Requirement already satisfied: requests[socks] in /gpfs/home/yliang51/.local/lib/python3.7/site-packages (from gdown) (2.28.1)
Requirement already satisfied: beautifulsoup4 in /gpfs/home/yliang51/.local/lib/python3.7/site-packages (from gdown) (4.11.2)
Collecting antlr4-python3-runtime==4.9.*
  Downloading antlr4-python3-runtime-4.9.3.tar.gz (117 kB)
     ━━━━━━━━━━━━━━━━━━━━━━━━━━━━━━━━━━━━━━ 117.0/117.0 kB 27.1 MB/s eta 0:00:00
  Preparing metadata (setup.py): started
  Preparing metadata (setup.py): finished with status 'done'
Collecting PyYAML>=5.1.0
  Using cached PyYAML-6.0-cp37-cp37m-manylinux_2_5_x86_64.manylinux1_x86_64.manylinux_2_12_x86_64.manylinux2010_x86_64.whl (596 kB)
Requirement already satisfied: numpy>=1.14.3 in /gpfs/home/yliang51/.local/lib/python3.7/site-packages (from lpips) (1.21.6)
Requirement already satisfied: torchvision>=0.2.1 in /gpfs/data/jtompki1/yliang51/envs/pvdm/lib/python3.7/site-packages (from lpips) (0.13.1+cu116)
Requirement already satisfied: torch>=0.4.0 in /gpfs/data/jtompki1/yliang51/envs/pvdm/lib/python3.7/site-packages (from lpips) (1.12.1+cu116)
Requirement already satisfied: scipy>=1.0.1 in /gpfs/data/jtompki1/yliang51/envs/ProposeReduce/lib/python3.7/site-packages (from lpips) (1.6.2)
Collecting werkzeug>=1.0.1
  Downloading Werkzeug-2.2.3-py3-none-any.whl (233 kB)
     ━━━━━━━━━━━━━━━━━━━━━━━━━━━━━━━━━━━━━━ 233.6/233.6 kB 19.1 MB/s eta 0:00:00
Requirement already satisfied: wheel>=0.26 in /gpfs/data/jtompki1/yliang51/envs/ProposeReduce/lib/python3.7/site-packages (from tensorboard) (0.37.1)
Requirement already satisfied: setuptools>=41.0.0 in /gpfs/home/yliang51/.local/lib/python3.7/site-packages (from tensorboard) (67.4.0)
Collecting grpcio>=1.24.3
  Downloading grpcio-1.51.3-cp37-cp37m-manylinux_2_17_x86_64.manylinux2014_x86_64.whl (4.8 MB)
     ━━━━━━━━━━━━━━━━━━━━━━━━━━━━━━━━━━━━━━━━ 4.8/4.8 MB 85.8 MB/s eta 0:00:00
Collecting protobuf<4,>=3.9.2
  Using cached protobuf-3.20.3-cp37-cp37m-manylinux_2_5_x86_64.manylinux1_x86_64.whl (1.0 MB)
Collecting google-auth<3,>=1.6.3
  Downloading google_auth-2.16.2-py2.py3-none-any.whl (177 kB)
     ━━━━━━━━━━━━━━━━━━━━━━━━━━━━━━━━━━━━━━ 177.2/177.2 kB 29.2 MB/s eta 0:00:00
Collecting absl-py>=0.4
  Downloading absl_py-1.4.0-py3-none-any.whl (126 kB)
     ━━━━━━━━━━━━━━━━━━━━━━━━━━━━━━━━━━━━━━ 126.5/126.5 kB 24.3 MB/s eta 0:00:00
Collecting tensorboard-plugin-wit>=1.6.0
  Downloading tensorboard_plugin_wit-1.8.1-py3-none-any.whl (781 kB)
     ━━━━━━━━━━━━━━━━━━━━━━━━━━━━━━━━━━━━━━ 781.3/781.3 kB 57.5 MB/s eta 0:00:00
Collecting tensorboard-data-server<0.7.0,>=0.6.0
  Downloading tensorboard_data_server-0.6.1-py3-none-manylinux2010_x86_64.whl (4.9 MB)
     ━━━━━━━━━━━━━━━━━━━━━━━━━━━━━━━━━━━━━━━━ 4.9/4.9 MB 86.9 MB/s eta 0:00:00
Collecting markdown>=2.6.8
  Downloading Markdown-3.4.2-py3-none-any.whl (93 kB)
     ━━━━━━━━━━━━━━━━━━━━━━━━━━━━━━━━━━━━━━━━ 93.9/93.9 kB 5.0 MB/s eta 0:00:00
Collecting google-auth-oauthlib<0.5,>=0.4.1
  Downloading google_auth_oauthlib-0.4.6-py2.py3-none-any.whl (18 kB)
Requirement already satisfied: pillow>=8.3.2 in /gpfs/data/jtompki1/yliang51/envs/ProposeReduce/lib/python3.7/site-packages (from imageio) (9.0.1)
Collecting decorator<5.0,>=4.0.2
  Downloading decorator-4.4.2-py2.py3-none-any.whl (9.2 kB)
Collecting proglog<=1.0.0
  Downloading proglog-0.1.10-py3-none-any.whl (6.1 kB)
Collecting imageio_ffmpeg>=0.2.0
  Downloading imageio_ffmpeg-0.4.8-py3-none-manylinux2010_x86_64.whl (26.9 MB)
     ━━━━━━━━━━━━━━━━━━━━━━━━━━━━━━━━━━━━━━━━ 26.9/26.9 MB 83.4 MB/s eta 0:00:00
Collecting pyasn1-modules>=0.2.1
  Downloading pyasn1_modules-0.2.8-py2.py3-none-any.whl (155 kB)
     ━━━━━━━━━━━━━━━━━━━━━━━━━━━━━━━━━━━━━━━ 155.3/155.3 kB 8.6 MB/s eta 0:00:00
Collecting rsa<5,>=3.1.4
  Downloading rsa-4.9-py3-none-any.whl (34 kB)
Collecting cachetools<6.0,>=2.0.0
  Downloading cachetools-5.3.0-py3-none-any.whl (9.3 kB)
Collecting requests-oauthlib>=0.7.0
  Using cached requests_oauthlib-1.3.1-py2.py3-none-any.whl (23 kB)
Requirement already satisfied: importlib-metadata>=4.4 in /gpfs/home/yliang51/.local/lib/python3.7/site-packages (from markdown>=2.6.8->tensorboard) (6.0.0)
Requirement already satisfied: charset-normalizer<3,>=2 in /gpfs/home/yliang51/.local/lib/python3.7/site-packages (from requests[socks]->gdown) (2.1.1)
Requirement already satisfied: urllib3<1.27,>=1.21.1 in /gpfs/home/yliang51/.local/lib/python3.7/site-packages (from requests[socks]->gdown) (1.26.12)
Requirement already satisfied: certifi>=2017.4.17 in /gpfs/home/yliang51/.local/lib/python3.7/site-packages (from requests[socks]->gdown) (2022.9.24)
Requirement already satisfied: idna<4,>=2.5 in /gpfs/home/yliang51/.local/lib/python3.7/site-packages (from requests[socks]->gdown) (3.4)
Requirement already satisfied: typing-extensions in /gpfs/home/yliang51/.local/lib/python3.7/site-packages (from torch>=0.4.0->lpips) (4.5.0)
Requirement already satisfied: MarkupSafe>=2.1.1 in /gpfs/home/yliang51/.local/lib/python3.7/site-packages (from werkzeug>=1.0.1->tensorboard) (2.1.2)
Requirement already satisfied: soupsieve>1.2 in /gpfs/home/yliang51/.local/lib/python3.7/site-packages (from beautifulsoup4->gdown) (2.4)
Requirement already satisfied: PySocks!=1.5.7,>=1.5.6 in /gpfs/home/yliang51/.local/lib/python3.7/site-packages (from requests[socks]->gdown) (1.7.1)
Requirement already satisfied: zipp>=0.5 in /gpfs/home/yliang51/.local/lib/python3.7/site-packages (from importlib-metadata>=4.4->markdown>=2.6.8->tensorboard) (3.15.0)
Collecting pyasn1<0.5.0,>=0.4.6
  Downloading pyasn1-0.4.8-py2.py3-none-any.whl (77 kB)
     ━━━━━━━━━━━━━━━━━━━━━━━━━━━━━━━━━━━━━━━━ 77.1/77.1 kB 12.9 MB/s eta 0:00:00
Collecting oauthlib>=3.0.0
  Using cached oauthlib-3.2.2-py3-none-any.whl (151 kB)
Building wheels for collected packages: antlr4-python3-runtime, moviepy
  Building wheel for antlr4-python3-runtime (setup.py): started
  Building wheel for antlr4-python3-runtime (setup.py): finished with status 'done'
  Created wheel for antlr4-python3-runtime: filename=antlr4_python3_runtime-4.9.3-py3-none-any.whl size=144554 sha256=7c81e6bd8c3630542c518f0e86906947db203604cd0c73441c8ed41c83e2f759
  Stored in directory: /gpfs/home/yliang51/.cache/pip/wheels/a9/8b/1f/b8233836d5798e3224c2442947e9639f220095de8bf46e800c
  Building wheel for moviepy (setup.py): started
  Building wheel for moviepy (setup.py): finished with status 'done'
  Created wheel for moviepy: filename=moviepy-1.0.3-py3-none-any.whl size=110728 sha256=ac19e8f9033fee1002d6327715832e8e8304c4d211fcf9cf30bafaee6b93f083
  Stored in directory: /gpfs/home/yliang51/.cache/pip/wheels/d7/37/b3/344c443bba4ba867458f703838f77df49bfa00c855d5511548
Successfully built antlr4-python3-runtime moviepy
Installing collected packages: tensorboard-plugin-wit, pyasn1, av, antlr4-python3-runtime, werkzeug, tqdm, tensorboard-data-server, rsa, PyYAML, pyspng, pyasn1-modules, protobuf, oauthlib, natsort, imageio_ffmpeg, imageio, grpcio, einops, decorator, cachetools, absl-py, requests-oauthlib, proglog, omegaconf, markdown, google-auth, moviepy, lpips, google-auth-oauthlib, tensorboard
  Attempting uninstall: decorator
    Found existing installation: decorator 5.1.1
    Uninstalling decorator-5.1.1:
      Successfully uninstalled decorator-5.1.1
Successfully installed PyYAML-6.0 absl-py-1.4.0 antlr4-python3-runtime-4.9.3 av-10.0.0 cachetools-5.3.0 decorator-4.4.2 einops-0.6.0 google-auth-2.16.2 google-auth-oauthlib-0.4.6 grpcio-1.51.3 imageio-2.26.1 imageio_ffmpeg-0.4.8 lpips-0.1.4 markdown-3.4.2 moviepy-1.0.3 natsort-8.3.1 oauthlib-3.2.2 omegaconf-2.3.0 proglog-0.1.10 protobuf-3.20.3 pyasn1-0.4.8 pyasn1-modules-0.2.8 pyspng-0.1.1 requests-oauthlib-1.3.1 rsa-4.9 tensorboard-2.11.2 tensorboard-data-server-0.6.1 tensorboard-plugin-wit-1.8.1 tqdm-4.65.0 werkzeug-2.2.3
