## SLURM PROLOG ###############################################################
##    Job ID : 9384956
##  Job Name : tensorboard
##  Nodelist : node1318
##      CPUs : 1
##  Mem/Node : 16384 MB
## Directory : /gpfs/data/jtompki1/yliang51/PVDM/slurms
##   Job Started : Tue Mar 28 14:06:38 EDT 2023
###############################################################################
module: unloading 'python/2.7.12'
module: loading 'python/3.7.4'
module: loading 'gcc/10.2'
module: gcc: "Note: loading the gcc module overrides the gcc version on the system.  If you want to revert to the version of gcc provided by the OS, unload the gcc module."
module: loading 'cuda/11.3.1'
module: cuda: To use: module load gcc/10.2
module: loading 'cudnn/8.2.0'
module: cudnn: To use: module load cuda/11.1.1 gcc/10.2
TensorFlow installation not found - running with reduced feature set.
/gpfs/data/jtompki1/yliang51/envs/nrnerf/lib/python3.7/site-packages/tensorboard_data_server/bin/server: /lib64/libc.so.6: version `GLIBC_2.18' not found (required by /gpfs/data/jtompki1/yliang51/envs/nrnerf/lib/python3.7/site-packages/tensorboard_data_server/bin/server)
TensorBoard 2.10.1 at http://172.20.209.18:9230/ (Press CTRL+C to quit)
slurmstepd: error: *** JOB 9384956 ON node1318 CANCELLED AT 2023-03-28T15:07:06 DUE TO TIME LIMIT ***
